2023-10-30T12:45:25.397+04:00  INFO 14004 --- [main] a.d.oficenter.OficenterApplication       : Starting OficenterApplication using Java 19.0.2 with PID 14004 (C:\Users\User\Desktop\Oficenter\target\classes started by User in C:\Users\User\Desktop\Oficenter)
2023-10-30T12:45:25.399+04:00 DEBUG 14004 --- [main] a.d.oficenter.OficenterApplication       : Running with Spring Boot v3.0.0, Spring v6.0.2
2023-10-30T12:45:25.400+04:00  INFO 14004 --- [main] a.d.oficenter.OficenterApplication       : No active profile set, falling back to 1 default profile: "default"
2023-10-30T12:45:26.651+04:00  INFO 14004 --- [main] .s.d.r.c.RepositoryConfigurationDelegate : Bootstrapping Spring Data JPA repositories in DEFAULT mode.
2023-10-30T12:45:26.807+04:00  INFO 14004 --- [main] .s.d.r.c.RepositoryConfigurationDelegate : Finished Spring Data repository scanning in 144 ms. Found 12 JPA repository interfaces.
2023-10-30T12:45:27.410+04:00  INFO 14004 --- [main] o.s.b.w.embedded.tomcat.TomcatWebServer  : Tomcat initialized with port(s): 8090 (http)
2023-10-30T12:45:27.428+04:00  INFO 14004 --- [main] o.apache.catalina.core.StandardService   : Starting service [Tomcat]
2023-10-30T12:45:27.430+04:00  INFO 14004 --- [main] o.apache.catalina.core.StandardEngine    : Starting Servlet engine: [Apache Tomcat/10.1.1]
2023-10-30T12:45:27.548+04:00  INFO 14004 --- [main] o.a.c.c.C.[Tomcat].[localhost].[/]       : Initializing Spring embedded WebApplicationContext
2023-10-30T12:45:27.548+04:00  INFO 14004 --- [main] w.s.c.ServletWebServerApplicationContext : Root WebApplicationContext: initialization completed in 2093 ms
2023-10-30T12:45:28.112+04:00  INFO 14004 --- [main] com.zaxxer.hikari.HikariDataSource       : HikariPool-1 - Starting...
2023-10-30T12:45:28.464+04:00  INFO 14004 --- [main] com.zaxxer.hikari.pool.HikariPool        : HikariPool-1 - Added connection com.mysql.cj.jdbc.ConnectionImpl@5d6b42cf
2023-10-30T12:45:28.466+04:00  INFO 14004 --- [main] com.zaxxer.hikari.HikariDataSource       : HikariPool-1 - Start completed.
2023-10-30T12:45:28.525+04:00  INFO 14004 --- [main] SQL dialect                              : HHH000400: Using dialect: org.hibernate.dialect.MySQLDialect
2023-10-30T12:45:30.071+04:00  INFO 14004 --- [main] j.LocalContainerEntityManagerFactoryBean : Initialized JPA EntityManagerFactory for persistence unit 'default'
2023-10-30T12:45:30.434+04:00 DEBUG 14004 --- [main] a.d.oficenter.security.JwtRequestFilter  : Filter 'jwtRequestFilter' configured for use
2023-10-30T12:45:31.207+04:00  INFO 14004 --- [main] o.s.s.web.DefaultSecurityFilterChain     : Will secure any request with [org.springframework.security.web.session.DisableEncodeUrlFilter@3c0becae, org.springframework.security.web.context.request.async.WebAsyncManagerIntegrationFilter@373c367, org.springframework.security.web.context.SecurityContextHolderFilter@625430f8, org.springframework.security.web.header.HeaderWriterFilter@445adbd7, org.springframework.web.filter.CorsFilter@79690a0a, org.springframework.security.web.authentication.logout.LogoutFilter@240a717d, az.digitalhands.oficenter.security.JwtRequestFilter@6a577564, org.springframework.security.web.savedrequest.RequestCacheAwareFilter@3fb54673, org.springframework.security.web.servletapi.SecurityContextHolderAwareRequestFilter@4b55652a, org.springframework.security.web.authentication.AnonymousAuthenticationFilter@619944a7, org.springframework.security.web.session.SessionManagementFilter@4ce9985f, org.springframework.security.web.access.ExceptionTranslationFilter@549dfe1d, org.springframework.security.web.access.intercept.AuthorizationFilter@4dfe5727]
2023-10-30T12:45:31.448+04:00  INFO 14004 --- [main] o.s.b.w.embedded.tomcat.TomcatWebServer  : Tomcat started on port(s): 8090 (http) with context path ''
2023-10-30T12:45:31.457+04:00  INFO 14004 --- [main] a.d.oficenter.OficenterApplication       : Started OficenterApplication in 6.684 seconds (process running for 8.188)
2023-10-30T12:46:29.556+04:00  INFO 14004 --- [http-nio-8090-exec-2] o.a.c.c.C.[Tomcat].[localhost].[/]       : Initializing Spring DispatcherServlet 'dispatcherServlet'
2023-10-30T12:46:29.766+04:00  INFO 14004 --- [http-nio-8090-exec-2] a.d.oficenter.service.CartService        : Inside getCartByCustomerEmail null
2023-10-30T12:47:39.968+04:00  INFO 14004 --- [SpringApplicationShutdownHook] j.LocalContainerEntityManagerFactoryBean : Closing JPA EntityManagerFactory for persistence unit 'default'
2023-10-30T12:47:39.971+04:00  INFO 14004 --- [SpringApplicationShutdownHook] com.zaxxer.hikari.HikariDataSource       : HikariPool-1 - Shutdown initiated...
2023-10-30T12:47:39.980+04:00  INFO 14004 --- [SpringApplicationShutdownHook] com.zaxxer.hikari.HikariDataSource       : HikariPool-1 - Shutdown completed.
2023-10-30T12:47:48.171+04:00  INFO 11744 --- [main] a.d.oficenter.OficenterApplication       : Starting OficenterApplication using Java 19.0.2 with PID 11744 (C:\Users\User\Desktop\Oficenter\target\classes started by User in C:\Users\User\Desktop\Oficenter)
2023-10-30T12:47:48.173+04:00 DEBUG 11744 --- [main] a.d.oficenter.OficenterApplication       : Running with Spring Boot v3.0.0, Spring v6.0.2
2023-10-30T12:47:48.175+04:00  INFO 11744 --- [main] a.d.oficenter.OficenterApplication       : No active profile set, falling back to 1 default profile: "default"
2023-10-30T12:47:48.846+04:00  INFO 11744 --- [main] .s.d.r.c.RepositoryConfigurationDelegate : Bootstrapping Spring Data JPA repositories in DEFAULT mode.
2023-10-30T12:47:48.935+04:00  INFO 11744 --- [main] .s.d.r.c.RepositoryConfigurationDelegate : Finished Spring Data repository scanning in 82 ms. Found 12 JPA repository interfaces.
2023-10-30T12:47:49.453+04:00  INFO 11744 --- [main] o.s.b.w.embedded.tomcat.TomcatWebServer  : Tomcat initialized with port(s): 8090 (http)
2023-10-30T12:47:49.460+04:00  INFO 11744 --- [main] o.apache.catalina.core.StandardService   : Starting service [Tomcat]
2023-10-30T12:47:49.461+04:00  INFO 11744 --- [main] o.apache.catalina.core.StandardEngine    : Starting Servlet engine: [Apache Tomcat/10.1.1]
2023-10-30T12:47:49.550+04:00  INFO 11744 --- [main] o.a.c.c.C.[Tomcat].[localhost].[/]       : Initializing Spring embedded WebApplicationContext
2023-10-30T12:47:49.551+04:00  INFO 11744 --- [main] w.s.c.ServletWebServerApplicationContext : Root WebApplicationContext: initialization completed in 1323 ms
2023-10-30T12:47:49.933+04:00  INFO 11744 --- [main] com.zaxxer.hikari.HikariDataSource       : HikariPool-1 - Starting...
2023-10-30T12:47:50.194+04:00  INFO 11744 --- [main] com.zaxxer.hikari.pool.HikariPool        : HikariPool-1 - Added connection com.mysql.cj.jdbc.ConnectionImpl@5d6b42cf
2023-10-30T12:47:50.196+04:00  INFO 11744 --- [main] com.zaxxer.hikari.HikariDataSource       : HikariPool-1 - Start completed.
2023-10-30T12:47:50.240+04:00  INFO 11744 --- [main] SQL dialect                              : HHH000400: Using dialect: org.hibernate.dialect.MySQLDialect
2023-10-30T12:47:51.546+04:00  INFO 11744 --- [main] j.LocalContainerEntityManagerFactoryBean : Initialized JPA EntityManagerFactory for persistence unit 'default'
2023-10-30T12:47:51.834+04:00 DEBUG 11744 --- [main] a.d.oficenter.security.JwtRequestFilter  : Filter 'jwtRequestFilter' configured for use
2023-10-30T12:47:52.591+04:00  INFO 11744 --- [main] o.s.s.web.DefaultSecurityFilterChain     : Will secure any request with [org.springframework.security.web.session.DisableEncodeUrlFilter@2bcaec2e, org.springframework.security.web.context.request.async.WebAsyncManagerIntegrationFilter@45cce4c2, org.springframework.security.web.context.SecurityContextHolderFilter@5d5a77de, org.springframework.security.web.header.HeaderWriterFilter@483f19c0, org.springframework.web.filter.CorsFilter@9d4d221, org.springframework.security.web.authentication.logout.LogoutFilter@5016934, az.digitalhands.oficenter.security.JwtRequestFilter@6a577564, org.springframework.security.web.savedrequest.RequestCacheAwareFilter@28c38eeb, org.springframework.security.web.servletapi.SecurityContextHolderAwareRequestFilter@4ce9985f, org.springframework.security.web.authentication.AnonymousAuthenticationFilter@4dfe5727, org.springframework.security.web.session.SessionManagementFilter@4f3a8e3e, org.springframework.security.web.access.ExceptionTranslationFilter@651bec9a, org.springframework.security.web.access.intercept.AuthorizationFilter@75c36570]
2023-10-30T12:47:52.852+04:00  INFO 11744 --- [main] o.s.b.w.embedded.tomcat.TomcatWebServer  : Tomcat started on port(s): 8090 (http) with context path ''
2023-10-30T12:47:52.861+04:00  INFO 11744 --- [main] a.d.oficenter.OficenterApplication       : Started OficenterApplication in 5.257 seconds (process running for 5.967)
2023-10-30T12:48:10.521+04:00  INFO 11744 --- [http-nio-8090-exec-2] o.a.c.c.C.[Tomcat].[localhost].[/]       : Initializing Spring DispatcherServlet 'dispatcherServlet'
2023-10-30T12:48:10.695+04:00 ERROR 11744 --- [http-nio-8090-exec-2] a.d.o.exception.handler.CustomException  : handlerCustomerNotFoundException Customer not found : 
2023-10-30T12:49:35.846+04:00  INFO 11744 --- [http-nio-8090-exec-5] a.d.oficenter.service.CartService        : Inside updateCart Cart{id=2, totalPrice=1920.0, totalItems=8, customer=Customer{id=2, username='customer/2', password='null', address='baku-xetai', email='orxan@mail.com', phone='6665544'}, cartItems=[az.digitalhands.oficenter.domain.CartItem@21828ac7]}
2023-10-30T12:49:45.407+04:00  INFO 11744 --- [SpringApplicationShutdownHook] j.LocalContainerEntityManagerFactoryBean : Closing JPA EntityManagerFactory for persistence unit 'default'
2023-10-30T12:49:45.410+04:00  INFO 11744 --- [SpringApplicationShutdownHook] com.zaxxer.hikari.HikariDataSource       : HikariPool-1 - Shutdown initiated...
2023-10-30T12:49:45.418+04:00  INFO 11744 --- [SpringApplicationShutdownHook] com.zaxxer.hikari.HikariDataSource       : HikariPool-1 - Shutdown completed.
